vpngate.net
surfshark.com
novayagazeta.ru
hidemy.name
vpnlove.me
onlinesim.ru
onlinesim.io
novayagazeta.eu
acf.international
tor.eff.org
ggpht.com
ytimg.com
instagram.com
cdninstagram.com
zona.media
bbc.com
bbci.co.uk
svoboda.org
the-village.ru
tjournal.ru
meduza.io
mdza.io
echo.msk.ru
tvrain.ru
currenttime.tv
theins.ru
facebook.com
fbcdn.net
cdninstagram.com
instagram.com
online-metrix.net
akamaihd.net
tfbnw.net
freebasics.com
fbcdn.com
torproject.org
lgbtnet.org
telegra.ph
twimg.com
twitter.com
t.co
