# Category "category3" is intended to demonstrate the exclusion of domains using regular expressions from the file "custom\exclude-domain-category3.rgx"
domain1.com
domain2.com
domain3.com
domain4.com
domain5.com
domain1.net
domain2.net
domain3.net
domain4.net
domain5.net
mydomain1.com
mydomain2.com
mydomain3.com
mydomain4.com
mydomain5.com
sub1.domain.com
sub2.domain.com
sub3.domain.com
sub4.domain.com
sub5.domain.com
domain1.xyz
domain2.xyz
domain3.xyz
domain4.xyz
domain5.xyz
domain-casino.com
domain-porn.com
domain-hydra.com
yourhateddomain.com